[2025-11-12T06:31:42.304Z] POST /divisa/sucursal usuario: anonimo ip: ::1 status: 200 duration: 605ms body: {"sucursal":1}
[2025-11-12T06:31:42.551Z] POST /alertas-montos/consultar usuario: anonimo ip: ::1 status: 200 duration: 843ms body: {"option":1,"tipo_alerta":"Relevante"}
[2025-11-12T06:33:38.856Z] POST /divisa/sucursal usuario: anonimo ip: ::1 status: 200 duration: 451ms body: {"sucursal":1}
[2025-11-12T06:33:38.857Z] POST /alertas-montos/consultar usuario: anonimo ip: ::1 status: 200 duration: 441ms body: {"option":1,"tipo_alerta":"Relevante"}
[2025-11-12T06:33:46.665Z] POST /accsosrol/grupo usuario: anonimo ip: ::1 status: 200 duration: 73ms body: {"option":5}
[2025-11-12T06:33:46.667Z] POST /divisa/infodivisa usuario: anonimo ip: ::1 status: 200 duration: 80ms body: {"idusuario":"1"}
[2025-11-12T06:33:47.267Z] POST /accsosrol/sucursal usuario: anonimo ip: ::1 status: 200 duration: 673ms body: {"option":5}
[2025-11-12T06:33:49.681Z] POST /accsosrol/empresa usuario: anonimo ip: ::1 status: 200 duration: 86ms body: {"option":5}
[2025-11-12T06:33:49.682Z] POST /accsosrol/rol usuario: anonimo ip: ::1 status: 200 duration: 89ms body: {"option":5,"rol":"1"}
[2025-11-12T06:33:49.689Z] POST /accsosrol/user usuario: anonimo ip: ::1 status: 200 duration: 100ms body: {"option":5,"empresa":"1","rol":"1"}
[2025-11-12T06:37:35.151Z] POST /divisa/saldoactual usuario: anonimo ip: ::1 status: 501 duration: 453ms body: {"tdivisa":1,"sucursal":1}
[2025-11-12T06:37:35.153Z] POST /accsosrol/identificacion usuario: anonimo ip: ::1 status: 200 duration: 433ms body: {"option":5}
[2025-11-12T06:37:35.248Z] POST /pais/pais usuario: anonimo ip: ::1 status: 200 duration: 518ms body: {"option":5}
[2025-11-12T06:37:35.250Z] POST /pais/nacionalidad usuario: anonimo ip: ::1 status: 200 duration: 96ms body: {"option":5}
[2025-11-12T06:37:35.260Z] POST /accsosrol/obtenerclientes usuario: anonimo ip: ::1 status: 200 duration: 102ms body: {"empresa":"1"}
[2025-11-12T06:37:35.290Z] POST /matriz/instrumento usuario: anonimo ip: ::1 status: 200 duration: 597ms body: {"option":5}
[2025-11-12T06:37:35.331Z] POST /perfil/proposito usuario: anonimo ip: ::1 status: 200 duration: 77ms body: {"option":5}
[2025-11-12T06:37:35.378Z] POST /perfil/frecuencia usuario: anonimo ip: ::1 status: 200 duration: 106ms body: {"option":5}
[2025-11-12T06:37:35.381Z] POST /perfil/tipooperaciones usuario: anonimo ip: ::1 status: 200 duration: 107ms body: {"option":5}
[2025-11-12T06:37:35.401Z] POST /pais/ocupacion usuario: anonimo ip: ::1 status: 200 duration: 662ms body: {"option":5}
[2025-11-12T06:37:35.404Z] POST /perfil/actuanombre usuario: anonimo ip: ::1 status: 200 duration: 113ms body: {"option":5}
[2025-11-12T06:37:35.417Z] POST /perfil/mediopago usuario: anonimo ip: ::1 status: 200 duration: 84ms body: {"option":5}
[2025-11-12T06:37:35.465Z] POST /perfil/origenrecursos usuario: anonimo ip: ::1 status: 200 duration: 81ms body: {"option":5}
[2025-11-12T06:37:35.466Z] POST /perfil/destinorecursos usuario: anonimo ip: ::1 status: 200 duration: 79ms body: {"option":5}
[2025-11-12T06:37:35.539Z] POST /perfil/relaciontercero usuario: anonimo ip: ::1 status: 200 duration: 132ms body: {"option":5}
[2025-11-12T06:37:35.687Z] POST /pais/estado usuario: anonimo ip: ::1 status: 200 duration: 961ms body: {"option":5}
[2025-11-12T06:37:37.473Z] POST /matriz/montomes usuario: anonimo ip: ::1 status: 200 duration: 72ms body: {"option":5}
[2025-11-12T06:37:37.475Z] POST /matriz/instrumento usuario: anonimo ip: ::1 status: 200 duration: 73ms body: {"option":5}
[2025-11-12T06:37:37.486Z] POST /matriz/frecuenciames usuario: anonimo ip: ::1 status: 200 duration: 75ms body: {"option":5}
[2025-11-12T06:37:37.492Z] POST /matriz/tipousuario usuario: anonimo ip: ::1 status: 200 duration: 78ms body: {"option":5}
[2025-11-12T06:37:37.502Z] POST /matriz/paisorigen usuario: anonimo ip: ::1 status: 200 duration: 105ms body: {"option":5}
[2025-11-12T06:37:37.567Z] POST /matriz/estados usuario: anonimo ip: ::1 status: 200 duration: 86ms body: {"option":5}
[2025-11-12T06:37:37.601Z] POST /matriz/productos usuario: anonimo ip: ::1 status: 200 duration: 211ms body: {"option":5}
[2025-11-12T06:37:37.682Z] POST /matriz/paises usuario: anonimo ip: ::1 status: 200 duration: 205ms body: {"option":5}
[2025-11-12T06:37:37.694Z] POST /perfil/frecuencia usuario: anonimo ip: ::1 status: 200 duration: 69ms body: {"option":5}
[2025-11-12T06:37:37.712Z] POST /perfil/actuanombre usuario: anonimo ip: ::1 status: 200 duration: 82ms body: {"option":5}
[2025-11-12T06:37:37.733Z] POST /perfil/proposito usuario: anonimo ip: ::1 status: 200 duration: 111ms body: {"option":5}
[2025-11-12T06:37:37.741Z] POST /perfil/tipooperaciones usuario: anonimo ip: ::1 status: 200 duration: 114ms body: {"option":5}
[2025-11-12T06:37:37.753Z] POST /perfil/mediopago usuario: anonimo ip: ::1 status: 200 duration: 69ms body: {"option":5}
[2025-11-12T06:37:37.778Z] POST /perfil/origenrecursos usuario: anonimo ip: ::1 status: 200 duration: 80ms body: {"option":5}
[2025-11-12T06:37:37.912Z] POST /matriz/ocupacion usuario: anonimo ip: ::1 status: 200 duration: 424ms body: {"option":5}
[2025-11-12T06:37:37.914Z] POST /perfil/destinorecursos usuario: anonimo ip: ::1 status: 200 duration: 199ms body: {"option":5}
[2025-11-12T06:37:37.927Z] POST /perfil/relaciontercero usuario: anonimo ip: ::1 status: 200 duration: 192ms body: {"option":5}
[2025-11-12T06:37:43.387Z] POST /accsosrol/sucursal usuario: anonimo ip: ::1 status: 200 duration: 85ms body: {"option":5}
[2025-11-12T06:37:43.415Z] POST /accsosrol/empresa usuario: anonimo ip: ::1 status: 200 duration: 114ms body: {"option":5}
[2025-11-12T06:37:50.662Z] POST /rg/reporte24h usuario: anonimo ip: ::1 status: 500 duration: 109ms body: {"pid_sucursal":"1"}
[2025-11-12T06:37:59.901Z] POST /matriz/instrumento usuario: anonimo ip: ::1 status: 200 duration: 135ms body: {"option":5}
[2025-11-12T06:38:00.049Z] POST /pais/nacionalidad usuario: anonimo ip: ::1 status: 200 duration: 124ms body: {"option":5}
[2025-11-12T06:38:00.181Z] POST /accsosrol/obtenerclientes usuario: anonimo ip: ::1 status: 200 duration: 130ms body: {"empresa":"1"}
[2025-11-12T06:38:00.258Z] POST /accsosrol/identificacion usuario: anonimo ip: ::1 status: 200 duration: 470ms body: {"option":5}
[2025-11-12T06:38:00.329Z] POST /pais/pais usuario: anonimo ip: ::1 status: 200 duration: 530ms body: {"option":5}
[2025-11-12T06:38:00.336Z] POST /perfil/proposito usuario: anonimo ip: ::1 status: 200 duration: 153ms body: {"option":5}
[2025-11-12T06:38:00.359Z] POST /perfil/frecuencia usuario: anonimo ip: ::1 status: 200 duration: 99ms body: {"option":5}
[2025-11-12T06:38:00.420Z] POST /perfil/tipooperaciones usuario: anonimo ip: ::1 status: 200 duration: 88ms body: {"option":5}
[2025-11-12T06:38:00.455Z] POST /pais/ocupacion usuario: anonimo ip: ::1 status: 200 duration: 653ms body: {"option":5}
[2025-11-12T06:38:00.457Z] POST /perfil/mediopago usuario: anonimo ip: ::1 status: 200 duration: 95ms body: {"option":5}
[2025-11-12T06:38:00.467Z] POST /perfil/actuanombre usuario: anonimo ip: ::1 status: 200 duration: 127ms body: {"option":5}
[2025-11-12T06:38:00.537Z] POST /perfil/destinorecursos usuario: anonimo ip: ::1 status: 200 duration: 78ms body: {"option":5}
[2025-11-12T06:38:00.539Z] POST /perfil/origenrecursos usuario: anonimo ip: ::1 status: 200 duration: 115ms body: {"option":5}
[2025-11-12T06:38:00.580Z] POST /perfil/relaciontercero usuario: anonimo ip: ::1 status: 200 duration: 118ms body: {"option":5}
[2025-11-12T06:38:00.674Z] POST /pais/estado usuario: anonimo ip: ::1 status: 200 duration: 878ms body: {"option":5}
[2025-11-12T06:38:00.687Z] POST /divisa/saldoactual usuario: anonimo ip: ::1 status: 501 duration: 918ms body: {"tdivisa":1,"sucursal":1}
[2025-11-12T06:38:30.622Z] POST /encargado/divisa usuario: anonimo ip: ::1 status: 200 duration: 1269ms body: {"idusuario":"1"}
[2025-11-12T06:38:33.867Z] POST /divisa/sucursal usuario: anonimo ip: ::1 status: 200 duration: 120ms body: {"sucursal":1}
[2025-11-12T06:38:34.409Z] POST /encargado/divisa usuario: anonimo ip: ::1 status: 200 duration: 633ms body: {"idusuario":"1"}
[2025-11-12T06:38:54.508Z] POST /auth/login usuario: anonimo ip: ::1 status: 200 duration: 417ms body: {"usuario":"geras","password":"geras"}
[2025-11-12T06:38:54.701Z] POST /divisa/sucursal usuario: anonimo ip: ::1 status: 200 duration: 76ms body: {"sucursal":1}
[2025-11-12T06:38:55.238Z] POST /divisa/sucursal usuario: anonimo ip: ::1 status: 200 duration: 608ms body: {"sucursal":1}
[2025-11-12T06:38:58.704Z] POST /divisa/saldoactual usuario: anonimo ip: ::1 status: 200 duration: 69ms body: {"tdivisa":1,"sucursal":1}
[2025-11-12T06:38:58.747Z] POST /matriz/instrumento usuario: anonimo ip: ::1 status: 200 duration: 114ms body: {"option":5}
[2025-11-12T06:38:58.815Z] POST /pais/nacionalidad usuario: anonimo ip: ::1 status: 200 duration: 110ms body: {"option":5}
[2025-11-12T06:38:58.882Z] POST /accsosrol/obtenerclientes usuario: anonimo ip: ::1 status: 200 duration: 132ms body: {"empresa":"1"}
[2025-11-12T06:38:58.912Z] POST /perfil/proposito usuario: anonimo ip: ::1 status: 200 duration: 95ms body: {"option":5}
[2025-11-12T06:38:59.003Z] POST /perfil/tipooperaciones usuario: anonimo ip: ::1 status: 200 duration: 90ms body: {"option":5}
[2025-11-12T06:38:59.047Z] POST /perfil/frecuencia usuario: anonimo ip: ::1 status: 200 duration: 163ms body: {"option":5}
[2025-11-12T06:38:59.087Z] POST /perfil/actuanombre usuario: anonimo ip: ::1 status: 200 duration: 82ms body: {"option":5}
[2025-11-12T06:38:59.163Z] POST /perfil/mediopago usuario: anonimo ip: ::1 status: 200 duration: 114ms body: {"option":5}
[2025-11-12T06:38:59.186Z] POST /divisa/sucursal usuario: anonimo ip: ::1 status: 200 duration: 94ms body: {"sucursal":1}
[2025-11-12T06:38:59.294Z] POST /perfil/destinorecursos usuario: anonimo ip: ::1 status: 200 duration: 106ms body: {"option":5}
[2025-11-12T06:38:59.372Z] POST /pais/ocupacion usuario: anonimo ip: ::1 status: 200 duration: 694ms body: {"option":5}
[2025-11-12T06:38:59.373Z] POST /perfil/origenrecursos usuario: anonimo ip: ::1 status: 200 duration: 209ms body: {"option":5}
[2025-11-12T06:38:59.386Z] POST /perfil/relaciontercero usuario: anonimo ip: ::1 status: 200 duration: 89ms body: {"option":5}
[2025-11-12T06:38:59.474Z] POST /pais/pais usuario: anonimo ip: ::1 status: 200 duration: 798ms body: {"option":5}
[2025-11-12T06:39:00.243Z] POST /pais/estado usuario: anonimo ip: ::1 status: 200 duration: 1571ms body: {"option":5}
[2025-11-12T06:39:00.281Z] POST /accsosrol/identificacion usuario: anonimo ip: ::1 status: 200 duration: 1623ms body: {"option":5}
[2025-11-12T06:39:02.026Z] POST /divisa/saldoactual usuario: anonimo ip: ::1 status: 200 duration: 121ms body: {"tdivisa":2,"sucursal":1}
[2025-11-12T06:39:17.678Z] POST /divisa/formulario usuario: anonimo ip: ::1 status: 200 duration: 576ms body: {"monto":36440,"tipopersona":"fisica","instrumento":1}
[2025-11-12T06:39:25.928Z] POST /divisa/operacion usuario: anonimo ip: ::1 status: 500 duration: 4ms body: {"error":"No se pudo desencriptar el cuerpo"}
[2025-11-12T06:39:29.557Z] POST /divisa/formulario usuario: anonimo ip: ::1 status: 200 duration: 1434ms body: {"monto":36440,"tipopersona":"fisica","instrumento":1}
[2025-11-12T06:39:39.258Z] POST /divisa/operacion usuario: anonimo ip: ::1 status: 500 duration: 2ms body: {"error":"No se pudo desencriptar el cuerpo"}
[2025-11-12T06:40:14.166Z] POST /divisa/formulario usuario: anonimo ip: ::1 status: 200 duration: 707ms body: {"monto":36440,"tipopersona":"fisica","instrumento":1}
[2025-11-12T06:40:19.893Z] POST /cp/cp/id usuario: anonimo ip: ::1 status: 200 duration: 234ms body: {"cp":45392}
[2025-11-12T06:40:20.038Z] POST /cp/cp usuario: anonimo ip: ::1 status: 200 duration: 138ms body: {"cp":"37806"}
[2025-11-12T06:40:30.948Z] POST /accsosrol/cliente usuario: anonimo ip: ::1 status: 200 duration: 707ms body: {"idcliente":14,"tipopersona":1,"paterno":"asdf","materno":"asdf","nombre":"asdf","idpnaci":42,"nacionalidad":78,"genero":"M","estanaci":1747,"ocupacion":1083,"telefono":"1231231231","correo":"k@k.com","curp":"gasj900211hgtrln05","rfc":"asdfasdfasdf","nif":null,"pais":null,"ididentificaion":"1","nident":"asfdasdfsa","fechanacimiento":"1990-11-11","calle":"mexico","nient":null,"n_ext":"1","colonia":null,"municipio":"Dolores Hidalgo Cuna de la Independencia Nacional","estado":"Guanajuato","idpais":"MEXICO","cp":"37806","idcp":45392,"proposito_relacion":"Ahorro","frecuencia_operaciones":"Diaria","monto_promedio":200000,"tipo_operaciones":"Venta de divisas","medio_pago":null,"paises_operaciones":"mexico","actua_en_nombre":"Propio","tercero_nombre":null,"es_pep":false,"comentarios":null,"origen_recursos":"Salario","destino_recursos":"Pago de deudas","maneja_fondos_terceros":false,"nombre_tercero_fondos":null,"relacion_tercero_fondos":null,"monto_mensual_estimado":200000,"pais_procedencia_fondos":"México","pais_destino_fondos":"mexico","cantidad_operaciones_mes":12,"option":2}
[2025-11-12T06:40:31.041Z] POST /accsosrol/obtenerclientes usuario: anonimo ip: ::1 status: 200 duration: 87ms body: {}
[2025-11-12T06:40:48.142Z] POST /divisa/formulario usuario: anonimo ip: ::1 status: 200 duration: 447ms body: {"monto":36440,"tipopersona":"fisica","instrumento":1}
[2025-11-12T06:40:57.416Z] POST /divisa/sucursal usuario: anonimo ip: ::1 status: 200 duration: 81ms body: {"sucursal":1}
[2025-11-12T06:40:57.540Z] POST /accsosrol/identificacion usuario: anonimo ip: ::1 status: 200 duration: 81ms body: {"option":5}
[2025-11-12T06:40:57.629Z] POST /pais/nacionalidad usuario: anonimo ip: ::1 status: 200 duration: 87ms body: {"option":5}
[2025-11-12T06:40:57.729Z] POST /accsosrol/obtenerclientes usuario: anonimo ip: ::1 status: 200 duration: 94ms body: {"empresa":"1"}
[2025-11-12T06:40:57.813Z] POST /divisa/saldoactual usuario: anonimo ip: ::1 status: 200 duration: 405ms body: {"tdivisa":1,"sucursal":1}
[2025-11-12T06:40:57.825Z] POST /perfil/proposito usuario: anonimo ip: ::1 status: 200 duration: 87ms body: {"option":5}
[2025-11-12T06:40:57.920Z] POST /perfil/frecuencia usuario: anonimo ip: ::1 status: 200 duration: 93ms body: {"option":5}
[2025-11-12T06:40:57.921Z] POST /perfil/tipooperaciones usuario: anonimo ip: ::1 status: 200 duration: 91ms body: {"option":5}
[2025-11-12T06:40:57.985Z] POST /matriz/instrumento usuario: anonimo ip: ::1 status: 200 duration: 583ms body: {"option":5}
[2025-11-12T06:40:58.030Z] POST /pais/pais usuario: anonimo ip: ::1 status: 200 duration: 562ms body: {"option":5}
[2025-11-12T06:40:58.047Z] POST /perfil/mediopago usuario: anonimo ip: ::1 status: 200 duration: 120ms body: {"option":5}
[2025-11-12T06:40:58.048Z] POST /perfil/actuanombre usuario: anonimo ip: ::1 status: 200 duration: 124ms body: {"option":5}
[2025-11-12T06:40:58.144Z] POST /pais/estado usuario: anonimo ip: ::1 status: 200 duration: 679ms body: {"option":5}
[2025-11-12T06:40:58.146Z] POST /perfil/destinorecursos usuario: anonimo ip: ::1 status: 200 duration: 112ms body: {"option":5}
[2025-11-12T06:40:58.152Z] POST /pais/ocupacion usuario: anonimo ip: ::1 status: 200 duration: 674ms body: {"option":5}
[2025-11-12T06:40:58.154Z] POST /perfil/origenrecursos usuario: anonimo ip: ::1 status: 200 duration: 167ms body: {"option":5}
[2025-11-12T06:40:58.156Z] POST /divisa/sucursal usuario: anonimo ip: ::1 status: 200 duration: 104ms body: {"sucursal":1}
[2025-11-12T06:40:58.158Z] POST /perfil/relaciontercero usuario: anonimo ip: ::1 status: 200 duration: 109ms body: {"option":5}
[2025-11-12T06:41:06.691Z] POST /divisa/saldoactual usuario: anonimo ip: ::1 status: 200 duration: 98ms body: {"tdivisa":2,"sucursal":1}
[2025-11-12T06:41:15.717Z] POST /divisa/formulario usuario: anonimo ip: ::1 status: 200 duration: 142ms body: {"monto":91100,"tipopersona":"fisica","instrumento":1}
[2025-11-12T06:41:25.693Z] POST /divisa/operacion usuario: anonimo ip: ::1 status: 500 duration: 1ms body: {"error":"No se pudo desencriptar el cuerpo"}
[2025-11-12T06:42:04.813Z] POST /divisa/formulario usuario: anonimo ip: ::1 status: 200 duration: 667ms body: {"monto":91100,"tipopersona":"fisica","instrumento":1}
[2025-11-12T06:43:55.893Z] POST /divisa/operacion usuario: anonimo ip: ::1 status: 200 duration: 410ms body: {"tipo":1,"grupoid":2,"mn":91100,"me":"5000","sucursalid":1,"usuarioid":"1","clienteid":1,"tipocambio":18.22}
[2025-11-12T06:43:58.116Z] POST /divisa/saldoactual usuario: anonimo ip: ::1 status: 200 duration: 87ms body: {"tdivisa":1,"sucursal":1}
[2025-11-12T06:43:58.245Z] POST /divisa/sucursal usuario: anonimo ip: ::1 status: 200 duration: 123ms body: {"sucursal":1}
[2025-11-12T06:44:01.138Z] POST /divisa/saldoactual usuario: anonimo ip: ::1 status: 200 duration: 82ms body: {"tdivisa":2,"sucursal":1}
[2025-11-12T06:44:07.349Z] POST /divisa/formulario usuario: anonimo ip: ::1 status: 200 duration: 72ms body: {"monto":91100,"tipopersona":"fisica","instrumento":1}
[2025-11-12T06:44:11.797Z] POST /divisa/operacion usuario: anonimo ip: ::1 status: 200 duration: 518ms body: {"tipo":1,"grupoid":2,"mn":91100,"me":"5000","sucursalid":1,"usuarioid":"1","tipocambio":18.22,"empresaid":9,"clienteid":0}
[2025-11-12T06:44:13.853Z] POST /divisa/saldoactual usuario: anonimo ip: ::1 status: 200 duration: 86ms body: {"tdivisa":1,"sucursal":1}
[2025-11-12T06:44:13.962Z] POST /divisa/sucursal usuario: anonimo ip: ::1 status: 200 duration: 102ms body: {"sucursal":1}
[2025-11-12T06:44:25.822Z] POST /divisa/formulario usuario: anonimo ip: ::1 status: 200 duration: 369ms body: {"monto":91136,"tipopersona":"fisica","instrumento":1}
[2025-11-12T06:44:32.067Z] POST /divisa/operacion usuario: anonimo ip: ::1 status: 200 duration: 85ms body: {"tipo":1,"grupoid":2,"mn":91100,"me":"5000","sucursalid":1,"usuarioid":"1","tipocambio":18.22,"empresaid":9,"clienteid":0}
[2025-11-12T06:44:35.055Z] POST /divisa/saldoactual usuario: anonimo ip: ::1 status: 200 duration: 78ms body: {"tdivisa":1,"sucursal":1}
[2025-11-12T06:44:35.135Z] POST /divisa/sucursal usuario: anonimo ip: ::1 status: 200 duration: 75ms body: {"sucursal":1}
[2025-11-12T06:44:40.650Z] POST /divisa/saldoactual usuario: anonimo ip: ::1 status: 200 duration: 70ms body: {"tdivisa":2,"sucursal":1}
[2025-11-12T06:44:46.091Z] POST /divisa/formulario usuario: anonimo ip: ::1 status: 200 duration: 87ms body: {"monto":58577,"tipopersona":"fisica","instrumento":1}
[2025-11-12T06:44:51.092Z] POST /divisa/operacion usuario: anonimo ip: ::1 status: 200 duration: 189ms body: {"tipo":1,"grupoid":2,"mn":58577,"me":"3215","sucursalid":1,"usuarioid":"1","tipocambio":18.22,"empresaid":6,"clienteid":0}
[2025-11-12T06:44:53.325Z] POST /divisa/saldoactual usuario: anonimo ip: ::1 status: 200 duration: 157ms body: {"tdivisa":1,"sucursal":1}
[2025-11-12T06:44:53.408Z] POST /divisa/sucursal usuario: anonimo ip: ::1 status: 200 duration: 77ms body: {"sucursal":1}
[2025-11-12T06:44:56.527Z] POST /divisa/sucursal usuario: anonimo ip: ::1 status: 200 duration: 242ms body: {"sucursal":1}
[2025-11-12T06:44:56.938Z] POST /pais/ocupacion usuario: anonimo ip: ::1 status: 200 duration: 403ms body: {"option":5}
[2025-11-12T06:44:56.943Z] POST /divisa/saldoactual usuario: anonimo ip: ::1 status: 200 duration: 570ms body: {"tdivisa":1,"sucursal":1}
[2025-11-12T06:44:57.034Z] POST /pais/nacionalidad usuario: anonimo ip: ::1 status: 200 duration: 79ms body: {"option":5}
[2025-11-12T06:44:57.084Z] POST /accsosrol/obtenerclientes usuario: anonimo ip: ::1 status: 200 duration: 126ms body: {"empresa":"1"}
[2025-11-12T06:44:57.095Z] POST /accsosrol/identificacion usuario: anonimo ip: ::1 status: 200 duration: 674ms body: {"option":5}
[2025-11-12T06:44:57.183Z] POST /pais/pais usuario: anonimo ip: ::1 status: 200 duration: 749ms body: {"option":5}
[2025-11-12T06:44:57.184Z] POST /perfil/proposito usuario: anonimo ip: ::1 status: 200 duration: 147ms body: {"option":5}
[2025-11-12T06:44:57.186Z] POST /matriz/instrumento usuario: anonimo ip: ::1 status: 200 duration: 816ms body: {"option":5}
[2025-11-12T06:44:57.197Z] POST /perfil/tipooperaciones usuario: anonimo ip: ::1 status: 200 duration: 97ms body: {"option":5}
[2025-11-12T06:44:57.236Z] POST /perfil/frecuencia usuario: anonimo ip: ::1 status: 200 duration: 139ms body: {"option":5}
[2025-11-12T06:44:57.328Z] POST /pais/estado usuario: anonimo ip: ::1 status: 200 duration: 900ms body: {"option":5}
[2025-11-12T06:44:57.329Z] POST /perfil/actuanombre usuario: anonimo ip: ::1 status: 200 duration: 141ms body: {"option":5}
[2025-11-12T06:44:57.331Z] POST /perfil/mediopago usuario: anonimo ip: ::1 status: 200 duration: 140ms body: {"option":5}
[2025-11-12T06:44:57.334Z] POST /perfil/origenrecursos usuario: anonimo ip: ::1 status: 200 duration: 140ms body: {"option":5}
[2025-11-12T06:44:57.335Z] POST /perfil/destinorecursos usuario: anonimo ip: ::1 status: 200 duration: 135ms body: {"option":5}
[2025-11-12T06:44:57.356Z] POST /perfil/relaciontercero usuario: anonimo ip: ::1 status: 200 duration: 118ms body: {"option":5}
[2025-11-12T06:44:57.828Z] POST /divisa/sucursal usuario: anonimo ip: ::1 status: 200 duration: 256ms body: {"sucursal":1}
[2025-11-12T06:45:09.573Z] POST /divisa/saldoactual usuario: anonimo ip: ::1 status: 200 duration: 471ms body: {"tdivisa":2,"sucursal":1}
[2025-11-12T06:45:17.048Z] POST /divisa/formulario usuario: anonimo ip: ::1 status: 200 duration: 89ms body: {"monto":36622,"tipopersona":"fisica","instrumento":1}
[2025-11-12T06:45:20.332Z] POST /divisa/operacion usuario: anonimo ip: ::1 status: 200 duration: 155ms body: {"tipo":1,"grupoid":2,"mn":36622,"me":"2010","sucursalid":1,"usuarioid":"1","tipocambio":18.22,"empresaid":8,"clienteid":0}
[2025-11-12T06:45:26.289Z] POST /divisa/saldoactual usuario: anonimo ip: ::1 status: 200 duration: 176ms body: {"tdivisa":1,"sucursal":1}
[2025-11-12T06:45:26.454Z] POST /divisa/sucursal usuario: anonimo ip: ::1 status: 200 duration: 156ms body: {"sucursal":1}
[2025-11-12T06:45:31.409Z] POST /alertas-montos/consultar usuario: anonimo ip: ::1 status: 200 duration: 76ms body: {"option":1,"tipo_alerta":"Relevante"}
[2025-11-12T06:45:36.462Z] POST /alertas-montos/consultar usuario: anonimo ip: ::1 status: 200 duration: 92ms body: {"option":1,"tipo_alerta":"Inusual"}
[2025-11-12T06:45:59.992Z] POST /alertas-montos/consultar usuario: anonimo ip: ::1 status: 200 duration: 549ms body: {"option":1,"tipo_alerta":"Relevante"}
[2025-11-12T06:53:20.850Z] POST /accsosrol/sucursal usuario: anonimo ip: ::1 status: 200 duration: 390ms body: {"option":5}
[2025-11-12T06:53:20.852Z] POST /accsosrol/grupo usuario: anonimo ip: ::1 status: 200 duration: 398ms body: {"option":5}
[2025-11-12T06:53:20.853Z] POST /divisa/infodivisa usuario: anonimo ip: ::1 status: 200 duration: 397ms body: {"idusuario":"1"}
[2025-11-12T06:53:22.912Z] POST /matriz/alert usuario: anonimo ip: ::1 status: 200 duration: 150ms body: {"option":5}
[2025-11-12T06:53:30.661Z] POST /matriz/paisorigen usuario: anonimo ip: ::1 status: 200 duration: 108ms body: {"option":5}
[2025-11-12T06:53:30.707Z] POST /matriz/productos usuario: anonimo ip: ::1 status: 200 duration: 162ms body: {"option":5}
[2025-11-12T06:53:30.739Z] POST /matriz/tipousuario usuario: anonimo ip: ::1 status: 200 duration: 76ms body: {"option":5}
[2025-11-12T06:53:30.803Z] POST /matriz/estados usuario: anonimo ip: ::1 status: 200 duration: 95ms body: {"option":5}
[2025-11-12T06:53:30.919Z] POST /perfil/proposito usuario: anonimo ip: ::1 status: 200 duration: 102ms body: {"option":5}
[2025-11-12T06:53:30.930Z] POST /matriz/montomes usuario: anonimo ip: ::1 status: 200 duration: 373ms body: {"option":5}
[2025-11-12T06:53:31.030Z] POST /perfil/tipooperaciones usuario: anonimo ip: ::1 status: 200 duration: 98ms body: {"option":5}
[2025-11-12T06:53:31.031Z] POST /matriz/instrumento usuario: anonimo ip: ::1 status: 200 duration: 471ms body: {"option":5}
[2025-11-12T06:53:31.033Z] POST /perfil/frecuencia usuario: anonimo ip: ::1 status: 200 duration: 113ms body: {"option":5}
[2025-11-12T06:53:31.140Z] POST /matriz/paises usuario: anonimo ip: ::1 status: 200 duration: 566ms body: {"option":5}
[2025-11-12T06:53:31.141Z] POST /perfil/origenrecursos usuario: anonimo ip: ::1 status: 200 duration: 104ms body: {"option":5}
[2025-11-12T06:53:31.142Z] POST /perfil/mediopago usuario: anonimo ip: ::1 status: 200 duration: 106ms body: {"option":5}
[2025-11-12T06:53:31.143Z] POST /perfil/actuanombre usuario: anonimo ip: ::1 status: 200 duration: 109ms body: {"option":5}
[2025-11-12T06:53:31.192Z] POST /matriz/frecuenciames usuario: anonimo ip: ::1 status: 200 duration: 620ms body: {"option":5}
[2025-11-12T06:53:31.210Z] POST /matriz/ocupacion usuario: anonimo ip: ::1 status: 200 duration: 470ms body: {"option":5}
[2025-11-12T06:53:31.225Z] POST /perfil/relaciontercero usuario: anonimo ip: ::1 status: 200 duration: 78ms body: {"option":5}
[2025-11-12T06:53:31.509Z] POST /perfil/destinorecursos usuario: anonimo ip: ::1 status: 200 duration: 365ms body: {"option":5}
[2025-11-12T06:53:33.375Z] POST /matriz/anonimus usuario: anonimo ip: ::1 status: 200 duration: 84ms body: {"option":4}
[2025-11-12T06:53:40.876Z] POST /accsosrol/sucursal usuario: anonimo ip: ::1 status: 200 duration: 84ms body: {"option":5}
[2025-11-12T06:53:41.237Z] POST /accsosrol/empresa usuario: anonimo ip: ::1 status: 200 duration: 449ms body: {"option":5}
[2025-11-12T07:01:37.595Z] POST /accsosrol/sucursal usuario: anonimo ip: ::1 status: 200 duration: 563ms body: {"option":5}
[2025-11-12T07:01:37.801Z] POST /accsosrol/empresa usuario: anonimo ip: ::1 status: 200 duration: 776ms body: {"option":5}
[2025-11-12T09:14:30.145Z] POST /auth/login usuario: anonimo ip: ::1 status: 200 duration: 467ms body: {"usuario":"geras","password":"geras"}
[2025-11-12T09:14:30.855Z] POST /divisa/sucursal usuario: anonimo ip: ::1 status: 200 duration: 310ms body: {"sucursal":1}
[2025-11-12T09:14:32.360Z] POST /divisa/sucursal usuario: anonimo ip: ::1 status: 200 duration: 1807ms body: {"sucursal":1}
[2025-11-12T09:14:39.812Z] POST /accsosrol/empresa usuario: anonimo ip: ::1 status: 200 duration: 81ms body: {"option":5}
[2025-11-12T09:14:39.815Z] POST /accsosrol/sucursal usuario: anonimo ip: ::1 status: 200 duration: 80ms body: {"option":5}
[2025-11-12T09:14:44.563Z] POST /divisa/sucursal usuario: anonimo ip: ::1 status: 200 duration: 81ms body: {"sucursal":1}
[2025-11-12T09:17:56.192Z] POST /divisa/sucursal usuario: anonimo ip: ::1 status: 200 duration: 400ms body: {"sucursal":1}
[2025-11-12T09:18:11.854Z] POST /rg/relevantes usuario: anonimo ip: ::1 status: 500 duration: 869ms body: {"pid_empresa":"1","p_clave_organo":"CNBV","p_clave_sujeto":"dfhdfh","p_fecha_inicio":"2025-11-01","p_fecha_fin":"2025-11-30"}
[2025-11-12T09:18:12.324Z] POST /rg/relevantes usuario: anonimo ip: ::1 status: 500 duration: 90ms body: {"p_fecha_inicio":"2025-11-01","p_fecha_fin":"2025-11-30","p_clave_organo":"CNBV","p_clave_sujeto":"dfhdfh","p_empresa_id":"1"}
[2025-11-12T09:22:13.606Z] POST /divisa/sucursal usuario: anonimo ip: ::1 status: 200 duration: 418ms body: {"sucursal":1}
[2025-11-12T09:22:37.671Z] POST /rg/relevantes usuario: anonimo ip: ::1 status: 500 duration: 552ms body: {"fecha_inicio":"2025-11-01","fecha_fin":"2025-11-30","organo":"CNBV","sujeto":"asdfasdfasdf","empresa":"1"}
[2025-11-12T09:24:23.612Z] POST /rg/relevantes usuario: anonimo ip: ::1 status: 500 duration: 1284ms body: {"fecha_inicio":"2025-11-01","fecha_fin":"2025-11-30","organo":"CNBV","sujeto":"asdfasdfasdf","empresa":"1"}
[2025-11-12T09:26:54.043Z] POST /rg/relevantes usuario: anonimo ip: ::1 status: 500 duration: 432ms body: {"fecha_inicio":"2025-11-01","fecha_fin":"2025-11-30","organo":"CNBV","sujeto":"asdfasdfasdf","empresa":"1"}
[2025-11-12T09:28:32.409Z] POST /rg/relevantes usuario: anonimo ip: ::1 status: 200 duration: 1747ms body: {"fecha_inicio":"2025-11-01","fecha_fin":"2025-11-30","organo":"CNBV","sujeto":"asdfasdfasdf","empresa":"1"}
[2025-11-12T09:30:39.364Z] POST /divisa/sucursal usuario: anonimo ip: ::1 status: 200 duration: 488ms body: {"sucursal":1}
[2025-11-12T09:31:01.411Z] POST /rg/relevantes usuario: anonimo ip: ::1 status: 200 duration: 387ms body: {"fecha_inicio":"2025-03-01","fecha_fin":"2025-03-31","organo":"CNBV","sujeto":"12312312","empresa":"1"}
[2025-11-12T09:31:30.798Z] POST /rg/relevantes usuario: anonimo ip: ::1 status: 200 duration: 365ms body: {"fecha_inicio":"2025-03-01","fecha_fin":"2025-03-31","organo":"CNBV","sujeto":"12312312","empresa":"1"}
[2025-11-12T09:31:37.076Z] POST /rg/relevantes usuario: anonimo ip: ::1 status: 200 duration: 89ms body: {"fecha_inicio":"2025-03-01","fecha_fin":"2025-03-31","organo":"CNBV","sujeto":"12312312","empresa":"1"}
[2025-11-12T09:31:37.430Z] POST /rg/relevantes usuario: anonimo ip: ::1 status: 200 duration: 184ms body: {"fecha_inicio":"2025-03-01","fecha_fin":"2025-03-31","organo":"CNBV","sujeto":"12312312","empresa":"1"}
[2025-11-12T09:31:37.564Z] POST /rg/relevantes usuario: anonimo ip: ::1 status: 200 duration: 79ms body: {"fecha_inicio":"2025-03-01","fecha_fin":"2025-03-31","organo":"CNBV","sujeto":"12312312","empresa":"1"}
[2025-11-12T09:31:37.793Z] POST /rg/relevantes usuario: anonimo ip: ::1 status: 200 duration: 84ms body: {"fecha_inicio":"2025-03-01","fecha_fin":"2025-03-31","organo":"CNBV","sujeto":"12312312","empresa":"1"}
[2025-11-12T09:31:38.047Z] POST /rg/relevantes usuario: anonimo ip: ::1 status: 200 duration: 129ms body: {"fecha_inicio":"2025-03-01","fecha_fin":"2025-03-31","organo":"CNBV","sujeto":"12312312","empresa":"1"}
[2025-11-12T09:31:38.188Z] POST /rg/relevantes usuario: anonimo ip: ::1 status: 200 duration: 78ms body: {"fecha_inicio":"2025-03-01","fecha_fin":"2025-03-31","organo":"CNBV","sujeto":"12312312","empresa":"1"}
[2025-11-12T09:31:38.385Z] POST /rg/relevantes usuario: anonimo ip: ::1 status: 200 duration: 74ms body: {"fecha_inicio":"2025-03-01","fecha_fin":"2025-03-31","organo":"CNBV","sujeto":"12312312","empresa":"1"}
[2025-11-12T09:31:38.593Z] POST /rg/relevantes usuario: anonimo ip: ::1 status: 200 duration: 75ms body: {"fecha_inicio":"2025-03-01","fecha_fin":"2025-03-31","organo":"CNBV","sujeto":"12312312","empresa":"1"}
[2025-11-12T09:32:59.963Z] POST /divisa/sucursal usuario: anonimo ip: ::1 status: 200 duration: 803ms body: {"sucursal":1}
[2025-11-12T09:33:20.974Z] POST /rg/relevantes usuario: anonimo ip: ::1 status: 200 duration: 682ms body: {"fecha_inicio":"2025-11-01","fecha_fin":"2025-11-30","organo":"CNBV","sujeto":"12313","empresa":"1"}
[2025-11-12T09:35:20.035Z] POST /divisa/sucursal usuario: anonimo ip: ::1 status: 200 duration: 765ms body: {"sucursal":1}
[2025-11-12T09:35:29.878Z] POST /rg/relevantes usuario: anonimo ip: ::1 status: 200 duration: 80ms body: {"fecha_inicio":"2025-11-01","fecha_fin":"2025-11-30","organo":"CNBV","sujeto":"321321","empresa":"1"}
[2025-11-12T14:57:07.869Z] POST /auth/login usuario: anonimo ip: ::1 status: 200 duration: 871ms body: {"usuario":"geras","password":"geras"}
[2025-11-12T14:57:08.394Z] POST /divisa/sucursal usuario: anonimo ip: ::1 status: 200 duration: 144ms body: {"sucursal":1}
[2025-11-12T14:57:09.007Z] POST /divisa/sucursal usuario: anonimo ip: ::1 status: 200 duration: 750ms body: {"sucursal":1}
[2025-11-12T14:57:36.668Z] POST /divisa/sucursal usuario: anonimo ip: ::1 status: 200 duration: 978ms body: {"sucursal":1}
[2025-11-12T15:10:17.405Z] POST /divisa/sucursal usuario: anonimo ip: ::1 status: 200 duration: 3060ms body: {"sucursal":1}
[2025-11-12T15:11:13.215Z] POST /rg/inusuales usuario: anonimo ip: ::1 status: 200 duration: 788ms body: {"fecha_inicio":"2025-11-01","fecha_fin":"2025-11-30","organo":"CNBV","sujeto":"13213132","empresa":"1"}
[2025-11-12T15:13:24.128Z] POST /rg/inusuales usuario: anonimo ip: ::1 status: 200 duration: 417ms body: {"fecha_inicio":"2025-11-01","fecha_fin":"2025-11-30","organo":"CNBV","sujeto":"13213132","empresa":"1"}
[2025-11-12T15:27:07.590Z] POST /rg/inusuales usuario: anonimo ip: ::1 status: 200 duration: 942ms body: {"fecha_inicio":"2025-11-01","fecha_fin":"2025-11-30","organo":"CNBV","sujeto":"13213132","empresa":"1"}
[2025-11-12T15:28:25.342Z] POST /rg/inusuales usuario: anonimo ip: ::1 status: 200 duration: 429ms body: {"fecha_inicio":"2025-11-01","fecha_fin":"2025-11-30","organo":"CNBV","sujeto":"13213132","empresa":"1"}
[2025-11-12T15:30:56.069Z] POST /rg/inusuales usuario: anonimo ip: ::1 status: 200 duration: 900ms body: {"fecha_inicio":"2025-11-01","fecha_fin":"2025-11-30","organo":"CNBV","sujeto":"13213132","empresa":"1"}
[2025-11-12T15:32:17.702Z] POST /divisa/sucursal usuario: anonimo ip: ::1 status: 200 duration: 467ms body: {"sucursal":1}
[2025-11-12T15:32:37.670Z] POST /divisa/sucursal usuario: anonimo ip: ::1 status: 200 duration: 607ms body: {"sucursal":1}
[2025-11-12T15:33:01.274Z] POST /rg/inusuales usuario: anonimo ip: ::1 status: 200 duration: 430ms body: {"fecha_inicio":"2025-12-01","fecha_fin":"2025-12-31","organo":"cnbv","sujeto":"12345678","empresa":"1"}
[2025-11-12T15:33:09.652Z] POST /rg/inusuales usuario: anonimo ip: ::1 status: 200 duration: 89ms body: {"fecha_inicio":"2025-11-01","fecha_fin":"2025-11-30","organo":"cnbv","sujeto":"12345678","empresa":"1"}
[2025-11-12T15:41:08.995Z] POST /rg/inusuales usuario: anonimo ip: ::1 status: 200 duration: 676ms body: {"fecha_inicio":"2025-11-01","fecha_fin":"2025-11-30","organo":"cnbv","sujeto":"12345678","empresa":"1"}
[2025-11-12T15:41:11.634Z] POST /divisa/sucursal usuario: anonimo ip: ::1 status: 200 duration: 72ms body: {"sucursal":1}
[2025-11-12T15:41:22.572Z] POST /rg/inusuales usuario: anonimo ip: ::1 status: 200 duration: 580ms body: {"fecha_inicio":"2025-11-01","fecha_fin":"2025-11-30","organo":"CNBV","sujeto":"12312345","empresa":"1"}
[2025-11-12T15:45:56.319Z] POST /divisa/sucursal usuario: anonimo ip: ::1 status: 200 duration: 82ms body: {"sucursal":1}
[2025-11-12T15:46:08.479Z] POST /rg/inusuales usuario: anonimo ip: ::1 status: 200 duration: 377ms body: {"fecha_inicio":"2025-11-01","fecha_fin":"2025-11-30","organo":"CNBV","sujeto":"123456789","empresa":"1"}
[2025-11-12T15:49:36.789Z] POST /divisa/sucursal usuario: anonimo ip: ::1 status: 200 duration: 1349ms body: {"sucursal":1}
[2025-11-12T15:49:45.584Z] POST /rg/inusuales usuario: anonimo ip: ::1 status: 500 duration: 181ms body: {"fecha_inicio":"2025-11-01","fecha_fin":"2025-11-30","organo":"CNBV","sujeto":"123456789","empresa":"1"}
[2025-11-12T15:49:49.051Z] POST /rg/inusuales usuario: anonimo ip: ::1 status: 500 duration: 114ms body: {"fecha_inicio":"2025-11-01","fecha_fin":"2025-11-30","organo":"CNBV","sujeto":"123456789","empresa":"1"}
[2025-11-12T15:51:55.131Z] POST /divisa/sucursal usuario: anonimo ip: ::1 status: 200 duration: 799ms body: {"sucursal":1}
[2025-11-12T15:52:01.776Z] POST /rg/inusuales usuario: anonimo ip: ::1 status: 200 duration: 81ms body: {"fecha_inicio":"2025-11-01","fecha_fin":"2025-11-30","organo":"CNBV","sujeto":"1231324","empresa":"1"}
[2025-11-12T16:11:38.230Z] POST /auth/login usuario: anonimo ip: ::1 status: 200 duration: 395ms body: {"usuario":"geras","password":"geras"}
[2025-11-12T16:11:38.329Z] POST /divisa/sucursal usuario: anonimo ip: ::1 status: 200 duration: 79ms body: {"sucursal":1}
[2025-11-12T16:11:38.673Z] POST /divisa/sucursal usuario: anonimo ip: ::1 status: 200 duration: 419ms body: {"sucursal":1}
[2025-11-12T16:12:06.610Z] POST /rg/inusuales usuario: anonimo ip: ::1 status: 200 duration: 757ms body: {"fecha_inicio":"2025-11-01","fecha_fin":"2025-11-30","organo":"CNBV","sujeto":"11","empresa":"1"}
[2025-11-12T16:13:29.843Z] POST /auth/login usuario: anonimo ip: ::1 status: 200 duration: 421ms body: {"usuario":"geras","password":"geras"}
[2025-11-12T16:13:29.949Z] POST /divisa/sucursal usuario: anonimo ip: ::1 status: 200 duration: 87ms body: {"sucursal":1}
[2025-11-12T16:13:30.273Z] POST /divisa/sucursal usuario: anonimo ip: ::1 status: 200 duration: 408ms body: {"sucursal":1}
[2025-11-12T18:23:54.416Z] POST /auth/login usuario: anonimo ip: ::1 status: 200 duration: 2343ms body: {"usuario":"geras","password":"geras"}
[2025-11-12T18:23:54.562Z] POST /divisa/sucursal usuario: anonimo ip: ::1 status: 200 duration: 118ms body: {"sucursal":1}
[2025-11-12T18:23:54.886Z] POST /divisa/sucursal usuario: anonimo ip: ::1 status: 200 duration: 440ms body: {"sucursal":1}
[2025-11-12T18:24:06.950Z] POST /matriz/instrumento usuario: anonimo ip: ::1 status: 200 duration: 763ms body: {"option":5}
[2025-11-12T18:24:06.953Z] POST /matriz/tipousuario usuario: anonimo ip: ::1 status: 200 duration: 758ms body: {"option":5}
[2025-11-12T18:24:07.046Z] POST /matriz/frecuenciames usuario: anonimo ip: ::1 status: 200 duration: 856ms body: {"option":5}
[2025-11-12T18:24:07.047Z] POST /matriz/montomes usuario: anonimo ip: ::1 status: 200 duration: 863ms body: {"option":5}
[2025-11-12T18:24:07.124Z] POST /matriz/estados usuario: anonimo ip: ::1 status: 200 duration: 162ms body: {"option":5}
[2025-11-12T18:24:07.155Z] POST /matriz/productos usuario: anonimo ip: ::1 status: 200 duration: 996ms body: {"option":5}
[2025-11-12T18:24:07.157Z] POST /perfil/proposito usuario: anonimo ip: ::1 status: 200 duration: 95ms body: {"option":5}
[2025-11-12T18:24:07.231Z] POST /matriz/paises usuario: anonimo ip: ::1 status: 200 duration: 273ms body: {"option":5}
[2025-11-12T18:24:07.232Z] POST /perfil/frecuencia usuario: anonimo ip: ::1 status: 200 duration: 106ms body: {"option":5}
[2025-11-12T18:24:07.246Z] POST /perfil/tipooperaciones usuario: anonimo ip: ::1 status: 200 duration: 88ms body: {"option":5}
[2025-11-12T18:24:07.263Z] POST /matriz/paisorigen usuario: anonimo ip: ::1 status: 200 duration: 1089ms body: {"option":5}
[2025-11-12T18:24:07.333Z] POST /perfil/mediopago usuario: anonimo ip: ::1 status: 200 duration: 99ms body: {"option":5}
[2025-11-12T18:24:07.335Z] POST /perfil/origenrecursos usuario: anonimo ip: ::1 status: 200 duration: 99ms body: {"option":5}
[2025-11-12T18:24:07.354Z] POST /perfil/destinorecursos usuario: anonimo ip: ::1 status: 200 duration: 106ms body: {"option":5}
[2025-11-12T18:24:07.372Z] POST /perfil/actuanombre usuario: anonimo ip: ::1 status: 200 duration: 210ms body: {"option":5}
[2025-11-12T18:24:07.399Z] POST /perfil/relaciontercero usuario: anonimo ip: ::1 status: 200 duration: 134ms body: {"option":5}
[2025-11-12T18:24:07.558Z] POST /matriz/ocupacion usuario: anonimo ip: ::1 status: 200 duration: 509ms body: {"option":5}
[2025-11-12T18:24:08.442Z] POST /matriz/anonimus usuario: anonimo ip: ::1 status: 200 duration: 97ms body: {"option":4}
[2025-11-12T18:24:13.696Z] POST /matriz/alert usuario: anonimo ip: ::1 status: 200 duration: 82ms body: {"option":5}
[2025-11-12T18:24:17.569Z] POST /alertas-montos/consultar usuario: anonimo ip: ::1 status: 200 duration: 127ms body: {"option":1,"tipo_alerta":"Relevante"}
[2025-11-12T18:24:21.188Z] POST /alertas-montos/consultar usuario: anonimo ip: ::1 status: 200 duration: 590ms body: {"option":1,"tipo_alerta":"Inusual"}
[2025-11-12T19:15:13.101Z] POST /auth/login usuario: anonimo ip: ::1 status: 200 duration: 605ms body: {"usuario":"geras","password":"geras"}
[2025-11-12T19:15:13.229Z] POST /divisa/sucursal usuario: anonimo ip: ::1 status: 200 duration: 114ms body: {"sucursal":1}
[2025-11-12T19:15:13.486Z] POST /divisa/sucursal usuario: anonimo ip: ::1 status: 200 duration: 363ms body: {"sucursal":1}
[2025-11-12T20:08:34.475Z] POST /auth/login usuario: anonimo ip: ::1 status: 200 duration: 681ms body: {"usuario":"geras","password":"geras"}
[2025-11-12T20:08:35.007Z] POST /divisa/sucursal usuario: anonimo ip: ::1 status: 200 duration: 513ms body: {"sucursal":1}
[2025-11-12T20:08:35.267Z] POST /divisa/sucursal usuario: anonimo ip: ::1 status: 200 duration: 770ms body: {"sucursal":1}
[2025-11-12T20:10:59.806Z] POST /rg/montos usuario: anonimo ip: ::1 status: 200 duration: 726ms body: {}
[2025-11-12T20:22:41.758Z] POST /matriz/paisorigen usuario: anonimo ip: ::1 status: 200 duration: 599ms body: {"option":5}
[2025-11-12T20:22:41.765Z] POST /matriz/frecuenciames usuario: anonimo ip: ::1 status: 200 duration: 584ms body: {"option":5}
[2025-11-12T20:22:41.768Z] POST /matriz/productos usuario: anonimo ip: ::1 status: 200 duration: 618ms body: {"option":5}
[2025-11-12T20:22:41.779Z] POST /matriz/montomes usuario: anonimo ip: ::1 status: 200 duration: 614ms body: {"option":5}
[2025-11-12T20:22:41.780Z] POST /matriz/instrumento usuario: anonimo ip: ::1 status: 200 duration: 607ms body: {"option":5}
[2025-11-12T20:22:41.896Z] POST /matriz/estados usuario: anonimo ip: ::1 status: 200 duration: 125ms body: {"option":5}
[2025-11-12T20:22:41.898Z] POST /matriz/tipousuario usuario: anonimo ip: ::1 status: 200 duration: 699ms body: {"option":5}
[2025-11-12T20:22:41.904Z] POST /perfil/frecuencia usuario: anonimo ip: ::1 status: 200 duration: 102ms body: {"option":5}
[2025-11-12T20:22:41.914Z] POST /perfil/proposito usuario: anonimo ip: ::1 status: 200 duration: 116ms body: {"option":5}
[2025-11-12T20:22:41.985Z] POST /matriz/paises usuario: anonimo ip: ::1 status: 200 duration: 224ms body: {"option":5}
[2025-11-12T20:22:42.008Z] POST /perfil/actuanombre usuario: anonimo ip: ::1 status: 200 duration: 100ms body: {"option":5}
[2025-11-12T20:22:42.010Z] POST /perfil/mediopago usuario: anonimo ip: ::1 status: 200 duration: 99ms body: {"option":5}
[2025-11-12T20:22:42.012Z] POST /perfil/origenrecursos usuario: anonimo ip: ::1 status: 200 duration: 94ms body: {"option":5}
[2025-11-12T20:22:42.025Z] POST /perfil/tipooperaciones usuario: anonimo ip: ::1 status: 200 duration: 125ms body: {"option":5}
[2025-11-12T20:22:42.086Z] POST /perfil/destinorecursos usuario: anonimo ip: ::1 status: 200 duration: 98ms body: {"option":5}
[2025-11-12T20:22:42.097Z] POST /perfil/relaciontercero usuario: anonimo ip: ::1 status: 200 duration: 78ms body: {"option":5}
[2025-11-12T20:22:42.376Z] POST /matriz/ocupacion usuario: anonimo ip: ::1 status: 200 duration: 601ms body: {"option":5}
[2025-11-12T20:22:43.965Z] POST /matriz/anonimus usuario: anonimo ip: ::1 status: 200 duration: 111ms body: {"option":4}
[2025-11-12T20:22:58.883Z] POST /matriz/anonimus usuario: anonimo ip: ::1 status: 200 duration: 539ms body: {"option":5,"fecha":"","fecha1":""}
[2025-11-12T20:23:00.755Z] POST /matriz/anonimus usuario: anonimo ip: ::1 status: 200 duration: 119ms body: {"option":5,"fecha":"","fecha1":""}
[2025-11-12T20:23:01.067Z] POST /matriz/anonimus usuario: anonimo ip: ::1 status: 200 duration: 80ms body: {"option":5,"fecha":"","fecha1":""}
[2025-11-12T20:23:01.298Z] POST /matriz/anonimus usuario: anonimo ip: ::1 status: 200 duration: 72ms body: {"option":5,"fecha":"","fecha1":""}
[2025-11-12T20:23:01.574Z] POST /matriz/anonimus usuario: anonimo ip: ::1 status: 200 duration: 172ms body: {"option":5,"fecha":"","fecha1":""}
[2025-11-12T20:23:01.714Z] POST /matriz/anonimus usuario: anonimo ip: ::1 status: 200 duration: 131ms body: {"option":5,"fecha":"","fecha1":""}
[2025-11-12T20:23:13.155Z] POST /matriz/anonimus usuario: anonimo ip: ::1 status: 200 duration: 876ms body: {"option":5,"fecha":"","fecha1":""}
[2025-11-12T20:54:29.436Z] POST /matriz/montomes usuario: anonimo ip: ::1 status: 200 duration: 1059ms body: {"option":5}
[2025-11-12T20:54:29.437Z] POST /matriz/productos usuario: anonimo ip: ::1 status: 200 duration: 1068ms body: {"option":5}
[2025-11-12T20:54:29.533Z] POST /matriz/paisorigen usuario: anonimo ip: ::1 status: 200 duration: 1159ms body: {"option":5}
[2025-11-12T20:54:29.534Z] POST /matriz/tipousuario usuario: anonimo ip: ::1 status: 200 duration: 1138ms body: {"option":5}
[2025-11-12T20:54:29.578Z] POST /matriz/estados usuario: anonimo ip: ::1 status: 200 duration: 105ms body: {"option":5}
[2025-11-12T20:54:29.619Z] POST /matriz/instrumento usuario: anonimo ip: ::1 status: 200 duration: 1235ms body: {"option":5}
[2025-11-12T20:54:29.623Z] POST /matriz/frecuenciames usuario: anonimo ip: ::1 status: 200 duration: 1235ms body: {"option":5}
[2025-11-12T20:54:29.638Z] POST /perfil/proposito usuario: anonimo ip: ::1 status: 200 duration: 101ms body: {"option":5}
[2025-11-12T20:54:29.807Z] POST /matriz/paises usuario: anonimo ip: ::1 status: 200 duration: 338ms body: {"option":5}
[2025-11-12T20:54:29.917Z] POST /perfil/mediopago usuario: anonimo ip: ::1 status: 200 duration: 278ms body: {"option":5}
[2025-11-12T20:54:29.940Z] POST /perfil/actuanombre usuario: anonimo ip: ::1 status: 200 duration: 319ms body: {"option":5}
[2025-11-12T20:54:29.943Z] POST /perfil/tipooperaciones usuario: anonimo ip: ::1 status: 200 duration: 318ms body: {"option":5}
[2025-11-12T20:54:30.004Z] POST /perfil/origenrecursos usuario: anonimo ip: ::1 status: 200 duration: 195ms body: {"option":5}
[2025-11-12T20:54:30.039Z] POST /perfil/destinorecursos usuario: anonimo ip: ::1 status: 200 duration: 120ms body: {"option":5}
[2025-11-12T20:54:30.080Z] POST /perfil/relaciontercero usuario: anonimo ip: ::1 status: 200 duration: 136ms body: {"option":5}
[2025-11-12T20:54:30.261Z] POST /matriz/ocupacion usuario: anonimo ip: ::1 status: 200 duration: 726ms body: {"option":5}
[2025-11-12T20:54:30.263Z] POST /perfil/frecuencia usuario: anonimo ip: ::1 status: 200 duration: 684ms body: {"option":5}
[2025-11-12T20:54:30.266Z] POST /matriz/alert usuario: anonimo ip: ::1 status: 200 duration: 185ms body: {"option":5}
[2025-11-12T20:54:34.697Z] POST /matriz/alert usuario: anonimo ip: ::1 status: 200 duration: 138ms body: {"option":5}
[2025-11-12T20:55:04.605Z] POST /conta/cvd usuario: anonimo ip: ::1 status: 200 duration: 474ms body: {"idusuario":"1"}
[2025-11-12T20:55:27.894Z] POST /divisa/sucursal usuario: anonimo ip: ::1 status: 200 duration: 427ms body: {"sucursal":1}
[2025-11-12T20:55:27.902Z] POST /conta/cvd usuario: anonimo ip: ::1 status: 200 duration: 420ms body: {"idusuario":"1"}
[2025-11-12T21:01:40.571Z] POST /accsosrol/empresa usuario: anonimo ip: ::1 status: 200 duration: 426ms body: {"option":5}
[2025-11-12T21:01:40.942Z] POST /accsosrol/sucursal usuario: anonimo ip: ::1 status: 200 duration: 787ms body: {"option":5}
[2025-11-12T21:01:44.207Z] POST /rg/reporte24h usuario: anonimo ip: ::1 status: 500 duration: 114ms body: {"pid_sucursal":"1"}
[2025-11-13T05:09:24.354Z] POST /auth/login usuario: anonimo ip: ::1 status: 200 duration: 965ms body: {"usuario":"geras","password":"geras"}
[2025-11-13T05:09:24.832Z] POST /divisa/sucursal usuario: anonimo ip: ::1 status: 200 duration: 126ms body: {"sucursal":1}
[2025-11-13T05:09:25.355Z] POST /divisa/sucursal usuario: anonimo ip: ::1 status: 200 duration: 642ms body: {"sucursal":1}
[2025-11-13T05:09:30.474Z] POST /accsosrol/identificacion usuario: anonimo ip: ::1 status: 200 duration: 318ms body: {"option":5}
[2025-11-13T05:09:30.678Z] POST /perfil/proposito usuario: anonimo ip: ::1 status: 200 duration: 192ms body: {"option":5}
[2025-11-13T05:09:30.891Z] POST /perfil/frecuencia usuario: anonimo ip: ::1 status: 200 duration: 211ms body: {"option":5}
[2025-11-13T05:09:31.015Z] POST /perfil/tipooperaciones usuario: anonimo ip: ::1 status: 200 duration: 120ms body: {"option":5}
[2025-11-13T05:09:31.036Z] POST /accsosrol/obtenerclientes usuario: anonimo ip: ::1 status: 200 duration: 831ms body: {"empresa":"1"}
[2025-11-13T05:09:31.069Z] POST /pais/estado usuario: anonimo ip: ::1 status: 200 duration: 900ms body: {"option":5}
[2025-11-13T05:09:31.191Z] POST /pais/pais usuario: anonimo ip: ::1 status: 200 duration: 1005ms body: {"option":5}
[2025-11-13T05:09:31.195Z] POST /perfil/actuanombre usuario: anonimo ip: ::1 status: 200 duration: 157ms body: {"option":5}
[2025-11-13T05:09:31.218Z] POST /pais/nacionalidad usuario: anonimo ip: ::1 status: 200 duration: 1017ms body: {"option":5}
[2025-11-13T05:09:31.230Z] POST /perfil/origenrecursos usuario: anonimo ip: ::1 status: 200 duration: 117ms body: {"option":5}
[2025-11-13T05:09:31.290Z] POST /perfil/mediopago usuario: anonimo ip: ::1 status: 200 duration: 182ms body: {"option":5}
[2025-11-13T05:09:31.307Z] POST /pais/ocupacion usuario: anonimo ip: ::1 status: 200 duration: 1111ms body: {"option":5}
[2025-11-13T05:09:31.312Z] POST /perfil/destinorecursos usuario: anonimo ip: ::1 status: 200 duration: 114ms body: {"option":5}
[2025-11-13T05:09:31.314Z] POST /perfil/relaciontercero usuario: anonimo ip: ::1 status: 200 duration: 113ms body: {"option":5}
[2025-11-13T05:44:07.928Z] POST /conta/cvd usuario: anonimo ip: ::1 status: 200 duration: 752ms body: {"idusuario":"1"}
