[2025-11-17T06:06:36.895Z] POST /alertas-montos/consultar usuario: anonimo ip: ::1 status: 200 duration: 491ms body: {"option":1,"tipo_alerta":"Relevante"}
[2025-11-17T06:06:36.905Z] POST /divisa/sucursal usuario: anonimo ip: ::1 status: 200 duration: 527ms body: {"sucursal":1}
[2025-11-17T06:06:40.553Z] POST /alertas-montos/consultar usuario: anonimo ip: ::1 status: 200 duration: 181ms body: {"option":1,"tipo_alerta":"Inusual"}
[2025-11-17T06:06:51.897Z] POST /alertas-montos/consultar usuario: anonimo ip: ::1 status: 200 duration: 536ms body: {"option":3,"tipo_alerta":"Inusual","fecha_inicio":"2025-11-01","fecha_fin":"2025-11-17"}
[2025-11-17T06:07:18.532Z] POST /alertas-montos/actualizar usuario: anonimo ip: ::1 status: 200 duration: 499ms body: {"option":2,"id_alerta":53,"estatus":"Descartada","observaciones":"no es una operacion inusual","descripcion":"Monto inferior al promedio permitido (40.00%).","usuario_registro":"1"}
[2025-11-17T06:07:18.643Z] POST /alertas-montos/consultar usuario: anonimo ip: ::1 status: 200 duration: 94ms body: {"option":1,"tipo_alerta":"Inusual"}
[2025-11-17T06:07:33.563Z] POST /divisa/sucursal usuario: anonimo ip: ::1 status: 200 duration: 531ms body: {"sucursal":1}
[2025-11-17T06:07:33.708Z] POST /alertas-montos/consultar usuario: anonimo ip: ::1 status: 200 duration: 660ms body: {"option":1,"tipo_alerta":"Relevante"}
[2025-11-17T06:08:45.177Z] POST /alertas-montos/consultar usuario: anonimo ip: ::1 status: 200 duration: 710ms body: {"option":1,"tipo_alerta":"Interna"}
[2025-11-17T06:09:01.343Z] POST /divisa/sucursal usuario: anonimo ip: ::1 status: 200 duration: 535ms body: {"sucursal":1}
[2025-11-17T06:09:01.389Z] POST /alertas-montos/consultar usuario: anonimo ip: ::1 status: 200 duration: 563ms body: {"option":1,"tipo_alerta":"Relevante"}
[2025-11-17T06:12:16.777Z] POST /matriz/alert usuario: anonimo ip: ::1 status: 200 duration: 489ms body: {"option":5}
[2025-11-17T06:12:21.259Z] POST /matriz/anonimus usuario: anonimo ip: ::1 status: 200 duration: 134ms body: {"option":4}
[2025-11-17T06:12:23.737Z] POST /matriz/productos usuario: anonimo ip: ::1 status: 200 duration: 158ms body: {"option":5}
[2025-11-17T06:12:24.032Z] POST /matriz/paises usuario: anonimo ip: ::1 status: 200 duration: 291ms body: {"option":5}
[2025-11-17T06:12:24.094Z] POST /matriz/frecuenciames usuario: anonimo ip: ::1 status: 200 duration: 493ms body: {"option":5}
[2025-11-17T06:12:24.119Z] POST /matriz/estados usuario: anonimo ip: ::1 status: 200 duration: 85ms body: {"option":5}
[2025-11-17T06:12:24.141Z] POST /matriz/instrumento usuario: anonimo ip: ::1 status: 200 duration: 545ms body: {"option":5}
[2025-11-17T06:12:24.218Z] POST /matriz/montomes usuario: anonimo ip: ::1 status: 200 duration: 628ms body: {"option":5}
[2025-11-17T06:12:24.219Z] POST /matriz/paisorigen usuario: anonimo ip: ::1 status: 200 duration: 633ms body: {"option":5}
[2025-11-17T06:12:24.257Z] POST /perfil/proposito usuario: anonimo ip: ::1 status: 200 duration: 124ms body: {"option":5}
[2025-11-17T06:12:24.266Z] POST /perfil/frecuencia usuario: anonimo ip: ::1 status: 200 duration: 123ms body: {"option":5}
[2025-11-17T06:12:24.279Z] POST /matriz/tipousuario usuario: anonimo ip: ::1 status: 200 duration: 675ms body: {"option":5}
[2025-11-17T06:12:24.343Z] POST /perfil/mediopago usuario: anonimo ip: ::1 status: 200 duration: 85ms body: {"option":5}
[2025-11-17T06:12:24.362Z] POST /perfil/origenrecursos usuario: anonimo ip: ::1 status: 200 duration: 94ms body: {"option":5}
[2025-11-17T06:12:24.373Z] POST /perfil/actuanombre usuario: anonimo ip: ::1 status: 200 duration: 151ms body: {"option":5}
[2025-11-17T06:12:24.376Z] POST /perfil/tipooperaciones usuario: anonimo ip: ::1 status: 200 duration: 156ms body: {"option":5}
[2025-11-17T06:12:24.392Z] POST /perfil/destinorecursos usuario: anonimo ip: ::1 status: 200 duration: 111ms body: {"option":5}
[2025-11-17T06:12:24.469Z] POST /perfil/relaciontercero usuario: anonimo ip: ::1 status: 200 duration: 122ms body: {"option":5}
[2025-11-17T06:12:24.643Z] POST /matriz/ocupacion usuario: anonimo ip: ::1 status: 200 duration: 547ms body: {"option":5}
[2025-11-17T06:12:35.716Z] POST /reporte/cortecaja usuario: anonimo ip: ::1 status: 200 duration: 659ms body: {"fecha":"2025-11-13","sucursal":"1"}
[2025-11-17T06:12:40.587Z] POST /reporte/cortecaja usuario: anonimo ip: ::1 status: 200 duration: 106ms body: {"fecha":"2025-11-12","sucursal":"1"}
[2025-11-17T06:12:52.617Z] POST /reporte/cortecajadoc usuario: anonimo ip: ::1 status: 200 duration: 1000ms body: {}
[2025-11-17T06:13:22.848Z] POST /reporte/vistalista usuario: anonimo ip: ::1 status: 200 duration: 570ms body: {"fecha":"2025-11-13","sucursal":"1"}
[2025-11-17T06:13:34.727Z] POST /reporte/vistalista usuario: anonimo ip: ::1 status: 200 duration: 590ms body: {"fecha":"2025-11-14","sucursal":"1"}
[2025-11-17T06:17:17.729Z] POST /reporte/vistalista usuario: anonimo ip: ::1 status: 200 duration: 601ms body: {"fecha":"2025-11-14","sucursal":"1"}
[2025-11-17T06:17:23.672Z] POST /reporte/vistalista usuario: anonimo ip: ::1 status: 200 duration: 295ms body: {"fecha":"2025-11-13","sucursal":"1"}
[2025-11-17T06:36:35.783Z] POST /reporte/vistalista usuario: anonimo ip: ::1 status: 200 duration: 597ms body: {"fecha":"2025-11-12","sucursal":"1"}
[2025-11-17T06:36:51.116Z] POST /reporte/vistalistadoc usuario: anonimo ip: ::1 status: 500 duration: 481ms body: {}
[2025-11-17T06:37:12.920Z] POST /reporte/vistalistadoc usuario: anonimo ip: ::1 status: 500 duration: 435ms body: {}
[2025-11-17T06:38:03.418Z] POST /reporte/vistalistadoc usuario: anonimo ip: ::1 status: 500 duration: 499ms body: {}
[2025-11-17T06:40:42.182Z] POST /conta/cvd usuario: anonimo ip: ::1 status: 200 duration: 574ms body: {"idusuario":"1"}
